2024-06-05 08:26:30,041 INFO: Admin logged in: admin@nucleusteq.com [in C:\Users\HP\OneDrive\Desktop\flask python\auth\routes.py:86]
2024-06-05 08:26:30,062 INFO: Admin dashboard accessed by: admin [in C:\Users\HP\OneDrive\Desktop\flask python\auth\routes.py:154]
2024-06-05 08:26:37,819 INFO: All items accessed [in C:\Users\HP\OneDrive\Desktop\flask python\auth\routes.py:303]
2024-06-05 08:26:41,133 INFO: All users accessed by admin [in C:\Users\HP\OneDrive\Desktop\flask python\auth\routes.py:191]
2024-06-05 11:22:56,734 INFO: All items accessed [in C:\Users\HP\OneDrive\Desktop\flask python\auth\routes.py:303]
2024-06-05 11:23:42,494 INFO: All items accessed [in C:\Users\HP\OneDrive\Desktop\flask python\auth\routes.py:303]
2024-06-05 11:35:48,411 INFO: Admin dashboard accessed by: admin [in C:\Users\HP\OneDrive\Desktop\flask python\auth\routes.py:157]
2024-06-05 11:35:50,513 INFO: All items accessed [in C:\Users\HP\OneDrive\Desktop\flask python\auth\routes.py:306]
2024-06-05 11:36:44,297 INFO: Item assigned successfully: fan to user 12 [in C:\Users\HP\OneDrive\Desktop\flask python\auth\routes.py:381]
2024-06-05 11:36:44,323 INFO: All items accessed [in C:\Users\HP\OneDrive\Desktop\flask python\auth\routes.py:306]
2024-06-05 11:36:47,734 INFO: Item unassigned successfully: 11 [in C:\Users\HP\OneDrive\Desktop\flask python\auth\routes.py:400]
2024-06-05 11:36:47,746 INFO: All items accessed [in C:\Users\HP\OneDrive\Desktop\flask python\auth\routes.py:306]
2024-06-05 11:57:18,761 INFO: All items accessed [in C:\Users\HP\OneDrive\Desktop\flask python\auth\routes.py:305]
2024-06-05 11:57:21,073 INFO: All users accessed by admin [in C:\Users\HP\OneDrive\Desktop\flask python\auth\routes.py:193]
2024-06-05 11:58:29,872 INFO: All users accessed by admin [in C:\Users\HP\OneDrive\Desktop\flask python\auth\routes.py:196]
2024-06-05 12:03:19,441 INFO: User added successfully: ayush@nucleusteq.com [in C:\Users\HP\OneDrive\Desktop\flask python\auth\routes.py:272]
2024-06-05 12:03:19,480 INFO: All users accessed by admin [in C:\Users\HP\OneDrive\Desktop\flask python\auth\routes.py:196]
2024-06-05 12:18:11,306 INFO: All users accessed by admin [in C:\Users\HP\OneDrive\Desktop\flask python\auth\routes.py:196]
2024-06-05 12:18:13,741 INFO: All items accessed [in C:\Users\HP\OneDrive\Desktop\flask python\auth\routes.py:308]
2024-06-05 15:33:54,567 INFO: User logged out [in C:\Users\HP\OneDrive\Desktop\flask python\auth\routes.py:463]
2024-06-05 15:34:11,084 INFO: Employee logged in: Employee logged in successfully [in C:\Users\HP\OneDrive\Desktop\flask python\auth\routes.py:93]
2024-06-05 15:34:11,097 INFO: Employee dashboard accessed by user: Monu [in C:\Users\HP\OneDrive\Desktop\flask python\auth\routes.py:103]
2024-06-05 15:34:16,980 INFO: Assigned items accessed by user: monu@nucleusteq.com [in C:\Users\HP\OneDrive\Desktop\flask python\auth\routes.py:119]
2024-06-05 15:34:24,679 INFO: Employee dashboard accessed by user: Monu [in C:\Users\HP\OneDrive\Desktop\flask python\auth\routes.py:103]
2024-06-05 17:28:28,138 INFO: Employee dashboard accessed by user: Monu [in C:\Users\HP\OneDrive\Desktop\flask python\auth\routes.py:103]
2024-06-05 17:28:29,879 INFO: Assigned items accessed by user: monu@nucleusteq.com [in C:\Users\HP\OneDrive\Desktop\flask python\auth\routes.py:119]
2024-06-05 17:29:39,994 INFO: Profile accessed by user: monu@nucleusteq.com [in C:\Users\HP\OneDrive\Desktop\flask python\auth\routes.py:141]
2024-06-05 17:30:39,968 INFO: User logged out [in C:\Users\HP\OneDrive\Desktop\flask python\auth\routes.py:463]
2024-06-05 17:31:13,880 INFO: Admin logged in: Admin logged in successfully [in C:\Users\HP\OneDrive\Desktop\flask python\auth\routes.py:88]
2024-06-05 17:31:13,897 INFO: Admin dashboard accessed by: admin [in C:\Users\HP\OneDrive\Desktop\flask python\auth\routes.py:157]
2024-06-05 17:31:24,738 INFO: All items accessed [in C:\Users\HP\OneDrive\Desktop\flask python\auth\routes.py:308]
2024-06-05 17:32:34,779 INFO: Item updated successfully: laptop [in C:\Users\HP\OneDrive\Desktop\flask python\auth\routes.py:445]
2024-06-05 17:32:34,787 INFO: All items accessed [in C:\Users\HP\OneDrive\Desktop\flask python\auth\routes.py:308]
2024-06-06 11:56:09,322 INFO: All items accessed [in C:\Users\HP\OneDrive\Desktop\flask python\auth\routes.py:308]
2024-06-06 11:56:10,743 INFO: Admin dashboard accessed by: admin [in C:\Users\HP\OneDrive\Desktop\flask python\auth\routes.py:157]
2024-06-06 11:56:11,695 INFO: All items accessed [in C:\Users\HP\OneDrive\Desktop\flask python\auth\routes.py:308]
2024-06-06 12:14:01,371 INFO: User logged out [in C:\Users\HP\OneDrive\Desktop\flask python\auth\routes.py:463]
2024-06-06 12:14:19,192 INFO: Employee logged in: Employee logged in successfully [in C:\Users\HP\OneDrive\Desktop\flask python\auth\routes.py:93]
2024-06-06 12:14:19,210 INFO: Employee dashboard accessed by user: Monu [in C:\Users\HP\OneDrive\Desktop\flask python\auth\routes.py:103]
2024-06-06 12:14:37,818 INFO: Assigned items accessed by user: monu@nucleusteq.com [in C:\Users\HP\OneDrive\Desktop\flask python\auth\routes.py:119]
2024-06-06 12:15:16,356 INFO: Profile accessed by user: monu@nucleusteq.com [in C:\Users\HP\OneDrive\Desktop\flask python\auth\routes.py:141]
2024-06-06 12:15:18,191 INFO: User logged out [in C:\Users\HP\OneDrive\Desktop\flask python\auth\routes.py:463]
2024-06-07 11:26:40,147 INFO: Home page accessed [in C:\Users\HP\OneDrive\Desktop\flask python\auth\routes.py:12]
2024-06-07 11:27:15,199 INFO: Admin logged in: Admin logged in successfully [in C:\Users\HP\OneDrive\Desktop\flask python\auth\routes.py:88]
2024-06-07 11:27:15,218 INFO: Admin dashboard accessed by: admin [in C:\Users\HP\OneDrive\Desktop\flask python\auth\routes.py:157]
2024-06-07 11:27:25,294 INFO: All items accessed [in C:\Users\HP\OneDrive\Desktop\flask python\auth\routes.py:308]
2024-06-07 11:27:49,107 INFO: Admin dashboard accessed by: admin [in C:\Users\HP\OneDrive\Desktop\flask python\auth\routes.py:157]
2024-06-07 11:37:01,236 INFO: User logged out [in C:\Users\HP\OneDrive\Desktop\flask python\auth\routes.py:463]
2024-06-07 11:37:12,599 WARNING: Login failed: Invalid email or password for email [in C:\Users\HP\OneDrive\Desktop\flask python\auth\routes.py:78]
2024-06-07 19:05:43,665 WARNING: Login failed: Invalid email or password for email [in C:\Users\HP\OneDrive\Desktop\flask python\auth\routes.py:78]
2024-06-07 19:05:44,701 INFO: Home page accessed [in C:\Users\HP\OneDrive\Desktop\flask python\auth\routes.py:12]
2024-06-07 19:06:08,518 INFO: Admin logged in: Admin logged in successfully [in C:\Users\HP\OneDrive\Desktop\flask python\auth\routes.py:88]
2024-06-07 19:06:08,538 INFO: Admin dashboard accessed by: admin [in C:\Users\HP\OneDrive\Desktop\flask python\auth\routes.py:157]
2024-06-07 19:06:15,917 INFO: All items accessed [in C:\Users\HP\OneDrive\Desktop\flask python\auth\routes.py:308]
2024-06-07 19:07:00,144 INFO: Item updated successfully: laptop [in C:\Users\HP\OneDrive\Desktop\flask python\auth\routes.py:445]
2024-06-07 19:07:00,155 INFO: All items accessed [in C:\Users\HP\OneDrive\Desktop\flask python\auth\routes.py:308]
2024-06-07 19:07:09,517 INFO: Item deleted successfully: laptop [in C:\Users\HP\OneDrive\Desktop\flask python\auth\routes.py:421]
2024-06-07 19:07:24,395 INFO: All users accessed by admin [in C:\Users\HP\OneDrive\Desktop\flask python\auth\routes.py:196]
2024-06-07 19:07:52,516 INFO: Admin profile accessed by: admin@nucleusteq.com [in C:\Users\HP\OneDrive\Desktop\flask python\auth\routes.py:180]
2024-06-07 19:07:57,086 INFO: User logged out [in C:\Users\HP\OneDrive\Desktop\flask python\auth\routes.py:463]
2024-06-07 19:08:12,762 INFO: Employee logged in: Employee logged in successfully [in C:\Users\HP\OneDrive\Desktop\flask python\auth\routes.py:93]
2024-06-07 19:08:12,780 INFO: Employee dashboard accessed by user: Monu [in C:\Users\HP\OneDrive\Desktop\flask python\auth\routes.py:103]
2024-06-07 19:08:21,865 INFO: Assigned items accessed by user: monu@nucleusteq.com [in C:\Users\HP\OneDrive\Desktop\flask python\auth\routes.py:119]
2024-06-07 19:08:25,872 INFO: Profile accessed by user: monu@nucleusteq.com [in C:\Users\HP\OneDrive\Desktop\flask python\auth\routes.py:141]
2024-06-07 19:08:31,644 INFO: Assigned items accessed by user: monu@nucleusteq.com [in C:\Users\HP\OneDrive\Desktop\flask python\auth\routes.py:119]
2024-06-07 19:08:35,823 INFO: User logged out [in C:\Users\HP\OneDrive\Desktop\flask python\auth\routes.py:463]
2024-06-07 19:13:45,553 INFO: Admin logged in: Admin logged in successfully [in C:\Users\HP\OneDrive\Desktop\flask python\auth\routes.py:88]
2024-06-07 19:13:45,587 INFO: Admin dashboard accessed by: admin [in C:\Users\HP\OneDrive\Desktop\flask python\auth\routes.py:157]
2024-06-07 19:13:59,874 INFO: All items accessed [in C:\Users\HP\OneDrive\Desktop\flask python\auth\routes.py:308]
2024-06-07 19:14:03,988 INFO: Item unassigned successfully: 9 [in C:\Users\HP\OneDrive\Desktop\flask python\auth\routes.py:402]
2024-06-07 19:14:04,006 INFO: All items accessed [in C:\Users\HP\OneDrive\Desktop\flask python\auth\routes.py:308]
2024-06-07 19:23:14,848 INFO: Admin profile accessed by: admin@nucleusteq.com [in C:\Users\HP\OneDrive\Desktop\flask python\auth\routes.py:180]
2024-06-07 19:23:16,954 INFO: All users accessed by admin [in C:\Users\HP\OneDrive\Desktop\flask python\auth\routes.py:196]
2024-06-07 19:23:18,404 INFO: All items accessed [in C:\Users\HP\OneDrive\Desktop\flask python\auth\routes.py:308]
